[    0.000000] Initializing cgroup subsys cpuset
[    0.000000] Initializing cgroup subsys cpu
[    0.000000] Initializing cgroup subsys cpuacct
[    0.000000] Linux version 4.4.0-210-generic (buildd@lgw01-amd64-009) (gcc version 5.4.0 20160609 (Ubuntu 5.4.0-6ubuntu1~16.04.12) ) #242-Ubuntu SMP Fri Apr 16 09:57:56 UTC 2021 (Ubuntu 4.4.0-210.242-generic 4.4.262)
[    0.000000] Command line: BOOT_IMAGE=/boot/vmlinuz-4.4.0-210-generic root=LABEL=cloudimg-rootfs ro console=tty1 console=ttyS0
[    0.000000] KERNEL supported cpus:
[    0.000000]   Intel GenuineIntel
[    0.000000]   AMD AuthenticAMD
[    0.000000]   Centaur CentaurHauls
[    0.000000] x86/fpu: xstate_offset[2]:  576, xstate_sizes[2]:  256
[    0.000000] x86/fpu: Supporting XSAVE feature 0x01: 'x87 floating point registers'
[    0.000000] x86/fpu: Supporting XSAVE feature 0x02: 'SSE registers'
[    0.000000] x86/fpu: Supporting XSAVE feature 0x04: 'AVX registers'
[    0.000000] x86/fpu: Enabled xstate features 0x7, context size is 832 bytes, using 'standard' format.
[    0.000000] e820: BIOS-provided physical RAM map:
[    0.000000] BIOS-e820: [mem 0x0000000000000000-0x000000000009fbff] usable
[    0.000000] BIOS-e820: [mem 0x000000000009fc00-0x000000000009ffff] reserved
[    0.000000] BIOS-e820: [mem 0x00000000000f0000-0x00000000000fffff] reserved
[    0.000000] BIOS-e820: [mem 0x0000000000100000-0x000000003ffeffff] usable
[    0.000000] BIOS-e820: [mem 0x000000003fff0000-0x000000003fffffff] ACPI data
[    0.000000] BIOS-e820: [mem 0x00000000fec00000-0x00000000fec00fff] reserved
[    0.000000] BIOS-e820: [mem 0x00000000fee00000-0x00000000fee00fff] reserved
[    0.000000] BIOS-e820: [mem 0x00000000fffc0000-0x00000000ffffffff] reserved
[    0.000000] NX (Execute Disable) protection: active
[    0.000000] SMBIOS 2.5 present.
[    0.000000] Hypervisor detected: KVM
[    0.000000] Kernel/User page tables isolation: disabled
[    0.000000] e820: last_pfn = 0x3fff0 max_arch_pfn = 0x400000000
[    0.000000] MTRR: Disabled
[    0.000000] x86/PAT: MTRRs disabled, skipping PAT initialization too.
[    0.000000] CPU MTRRs all blank - virtualized system.
[    0.000000] x86/PAT: Configuration [0-7]: WB  WT  UC- UC  WB  WT  UC- UC  
[    0.000000] found SMP MP-table at [mem 0x0009fff0-0x0009ffff] mapped at [ffff88000009fff0]
[    0.000000] Scanning 1 areas for low memory corruption
[    0.000000] RAMDISK: [mem 0x362dc000-0x37165fff]
[    0.000000] ACPI: Early table checksum verification disabled
[    0.000000] ACPI: RSDP 0x00000000000E0000 000024 (v02 VBOX  )
[    0.000000] ACPI: XSDT 0x000000003FFF0030 00003C (v01 VBOX   VBOXXSDT 00000001 ASL  00000061)
[    0.000000] ACPI: FACP 0x000000003FFF00F0 0000F4 (v04 VBOX   VBOXFACP 00000001 ASL  00000061)
[    0.000000] ACPI: DSDT 0x000000003FFF0470 0022EA (v02 VBOX   VBOXBIOS 00000002 INTL 20100528)
[    0.000000] ACPI: FACS 0x000000003FFF0200 000040
[    0.000000] ACPI: FACS 0x000000003FFF0200 000040
[    0.000000] ACPI: APIC 0x000000003FFF0240 00005C (v02 VBOX   VBOXAPIC 00000001 ASL  00000061)
[    0.000000] ACPI: SSDT 0x000000003FFF02A0 0001CC (v01 VBOX   VBOXCPUT 00000002 INTL 20100528)
[    0.000000] No NUMA configuration found
[    0.000000] Faking a node at [mem 0x0000000000000000-0x000000003ffeffff]
[    0.000000] NODE_DATA(0) allocated [mem 0x3ffeb000-0x3ffeffff]
[    0.000000] kvm-clock: Using msrs 4b564d01 and 4b564d00
[    0.000000] kvm-clock: cpu 0, msr 0:3ffe3001, primary cpu clock
[    0.000000] kvm-clock: using sched offset of 3351075399 cycles
[    0.000000] clocksource: kvm-clock: mask: 0xffffffffffffffff max_cycles: 0x1cd42e4dffb, max_idle_ns: 881590591483 ns
[    0.000000] Zone ranges:
[    0.000000]   DMA      [mem 0x0000000000001000-0x0000000000ffffff]
[    0.000000]   DMA32    [mem 0x0000000001000000-0x000000003ffeffff]
[    0.000000]   Normal   empty
[    0.000000]   Device   empty
[    0.000000] Movable zone start for each node
[    0.000000] Early memory node ranges
[    0.000000]   node   0: [mem 0x0000000000001000-0x000000000009efff]
[    0.000000]   node   0: [mem 0x0000000000100000-0x000000003ffeffff]
[    0.000000] Initmem setup node 0 [mem 0x0000000000001000-0x000000003ffeffff]
[    0.000000] ACPI: PM-Timer IO Port: 0x4008
[    0.000000] IOAPIC[0]: apic_id 2, version 32, address 0xfec00000, GSI 0-23
[    0.000000] ACPI: INT_SRC_OVR (bus 0 bus_irq 0 global_irq 2 dfl dfl)
[    0.000000] ACPI: INT_SRC_OVR (bus 0 bus_irq 9 global_irq 9 low level)
[    0.000000] Using ACPI (MADT) for SMP configuration information
[    0.000000] smpboot: Allowing 2 CPUs, 0 hotplug CPUs
[    0.000000] PM: Registered nosave memory: [mem 0x00000000-0x00000fff]
[    0.000000] PM: Registered nosave memory: [mem 0x0009f000-0x0009ffff]
[    0.000000] PM: Registered nosave memory: [mem 0x000a0000-0x000effff]
[    0.000000] PM: Registered nosave memory: [mem 0x000f0000-0x000fffff]
[    0.000000] e820: [mem 0x40000000-0xfebfffff] available for PCI devices
[    0.000000] Booting paravirtualized kernel on KVM
[    0.000000] clocksource: refined-jiffies: mask: 0xffffffff max_cycles: 0xffffffff, max_idle_ns: 7645519600211568 ns
[    0.000000] setup_percpu: NR_CPUS:512 nr_cpumask_bits:512 nr_cpu_ids:2 nr_node_ids:1
[    0.000000] PERCPU: Embedded 33 pages/cpu @ffff88003fc00000 s95192 r8192 d31784 u1048576
[    0.000000] Built 1 zonelists in Node order, mobility grouping on.  Total pages: 257912
[    0.000000] Policy zone: DMA32
[    0.000000] Kernel command line: BOOT_IMAGE=/boot/vmlinuz-4.4.0-210-generic root=LABEL=cloudimg-rootfs ro console=tty1 console=ttyS0
[    0.000000] PID hash table entries: 4096 (order: 3, 32768 bytes)
[    0.000000] Memory: 997792K/1048120K available (8644K kernel code, 1332K rwdata, 4044K rodata, 1492K init, 1164K bss, 50328K reserved, 0K cma-reserved)
[    0.000000] SLUB: HWalign=64, Order=0-3, MinObjects=0, CPUs=2, Nodes=1
[    0.000000] Hierarchical RCU implementation.
[    0.000000] 	Build-time adjustment of leaf fanout to 64.
[    0.000000] 	RCU restricting CPUs from NR_CPUS=512 to nr_cpu_ids=2.
[    0.000000] RCU: Adjusting geometry for rcu_fanout_leaf=64, nr_cpu_ids=2
[    0.000000] NR_IRQS:33024 nr_irqs:440 16
[    0.000000] Console: colour VGA+ 80x25
[    0.000000] console [tty1] enabled
[    0.000000] console [ttyS0] enabled
[    0.000000] tsc: Detected 1190.399 MHz processor
[    0.144864] Calibrating delay loop (skipped) preset value.. 2380.79 BogoMIPS (lpj=4761596)
[    0.148127] pid_max: default: 32768 minimum: 301
[    0.150092] ACPI: Core revision 20150930
[    0.153664] ACPI: 2 ACPI AML tables successfully acquired and loaded
[    0.155823] Security Framework initialized
[    0.157592] Yama: becoming mindful.
[    0.158783] AppArmor: AppArmor initialized
[    0.159635] Dentry cache hash table entries: 131072 (order: 8, 1048576 bytes)
[    0.161109] Inode-cache hash table entries: 65536 (order: 7, 524288 bytes)
[    0.168024] Mount-cache hash table entries: 2048 (order: 2, 16384 bytes)
[    0.169543] Mountpoint-cache hash table entries: 2048 (order: 2, 16384 bytes)
[    0.171734] Initializing cgroup subsys io
[    0.172768] Initializing cgroup subsys memory
[    0.173889] Initializing cgroup subsys devices
[    0.175420] Initializing cgroup subsys freezer
[    0.176497] Initializing cgroup subsys net_cls
[    0.177371] Initializing cgroup subsys perf_event
[    0.178373] Initializing cgroup subsys net_prio
[    0.179414] Initializing cgroup subsys hugetlb
[    0.180421] Initializing cgroup subsys pids
[    0.185503] mce: CPU supports 0 MCE banks
[    0.186337] Last level iTLB entries: 4KB 0, 2MB 0, 4MB 0
[    0.187290] Last level dTLB entries: 4KB 0, 2MB 0, 4MB 0, 1GB 0
[    0.188487] Spectre V1 : Mitigation: usercopy/swapgs barriers and __user pointer sanitization
[    0.189976] Spectre V2 : Mitigation: Enhanced IBRS
[    0.191153] Spectre V2 : Spectre v2 / SpectreRSB mitigation: Filling RSB on context switch
[    0.192646] Speculative Store Bypass: Vulnerable
[    0.196004] Freeing SMP alternatives memory: 36K
[    0.203425] ftrace: allocating 32380 entries in 127 pages
[    0.274204] smpboot: APIC(0) Converting physical 0 to logical package 0
[    0.278804] smpboot: Max logical packages: 1
[    0.280238] x2apic enabled
[    0.281103] Switched APIC routing to physical x2apic.
[    0.283462] ..TIMER: vector=0x30 apic1=0 pin1=2 apic2=-1 pin2=-1
[    0.392979] smpboot: CPU0: Intel(R) Core(TM) i5-1035G1 CPU @ 1.00GHz (family: 0x6, model: 0x7e, stepping: 0x5)
[    0.398503] Performance Events: unsupported p6 CPU model 126 no PMU driver, software events only.
[    0.414714] KVM setup paravirtual spinlock
[    0.416624] x86: Booting SMP configuration:
[    0.417576] .... node  #0, CPUs:      #1
[    0.418417] kvm-clock: cpu 1, msr 0:3ffe3041, secondary cpu clock
[    0.423146] mce: CPU supports 0 MCE banks
[    0.425776] x86: Booted up 1 node, 2 CPUs
[    0.426818] smpboot: Total of 2 processors activated (4761.59 BogoMIPS)
[    0.428908] devtmpfs: initialized
[    0.430790] evm: security.selinux
[    0.431515] evm: security.SMACK64
[    0.432205] evm: security.SMACK64EXEC
[    0.432980] evm: security.SMACK64TRANSMUTE
[    0.433810] evm: security.SMACK64MMAP
[    0.434518] evm: security.ima
[    0.435131] evm: security.capability
[    0.436018] clocksource: jiffies: mask: 0xffffffff max_cycles: 0xffffffff, max_idle_ns: 7645041785100000 ns
[    0.438013] futex hash table entries: 512 (order: 3, 32768 bytes)
[    0.439308] pinctrl core: initialized pinctrl subsystem
[    0.440889] RTC time: 13:00:24, date: 01/13/22
[    0.446605] NET: Registered protocol family 16
[    0.457319] cpuidle: using governor ladder
[    0.469995] cpuidle: using governor menu
[    0.470911] PCCT header not found.
[    0.471964] ACPI: bus type PCI registered
[    0.473572] acpiphp: ACPI Hot Plug PCI Controller Driver version: 0.5
[    0.476581] PCI: Using configuration type 1 for base access
[    0.490692] ACPI: Added _OSI(Module Device)
[    0.492596] ACPI: Added _OSI(Processor Device)
[    0.495903] ACPI: Added _OSI(3.0 _SCP Extensions)
[    0.499172] ACPI: Added _OSI(Processor Aggregator Device)
[    0.505071] ACPI: Executed 1 blocks of module-level executable AML code
[    0.518510] ACPI: Interpreter enabled
[    0.522135] ACPI: (supports S0 S5)
[    0.525074] ACPI: Using IOAPIC for interrupt routing
[    0.528487] PCI: Using host bridge windows from ACPI; if necessary, use "pci=nocrs" and report a bug
[    0.540715] ACPI: PCI Root Bridge [PCI0] (domain 0000 [bus 00-ff])
[    0.542640] acpi PNP0A03:00: _OSC: OS supports [ASPM ClockPM Segments MSI]
[    0.545328] acpi PNP0A03:00: _OSC: not requesting OS control; OS requires [ExtendedConfig ASPM ClockPM MSI]
[    0.547970] acpi PNP0A03:00: fail to add MMCONFIG information, can't access extended PCI configuration space under this bridge.
[    0.551214] PCI host bridge to bus 0000:00
[    0.552362] pci_bus 0000:00: root bus resource [io  0x0000-0x0cf7 window]
[    0.554244] pci_bus 0000:00: root bus resource [io  0x0d00-0xffff window]
[    0.556076] pci_bus 0000:00: root bus resource [mem 0x000a0000-0x000bffff window]
[    0.558198] pci_bus 0000:00: root bus resource [mem 0x40000000-0xfdffffff window]
[    0.560275] pci_bus 0000:00: root bus resource [bus 00-ff]
[    0.564423] pci 0000:00:01.1: legacy IDE quirk: reg 0x10: [io  0x01f0-0x01f7]
[    0.565588] pci 0000:00:01.1: legacy IDE quirk: reg 0x14: [io  0x03f6]
[    0.566715] pci 0000:00:01.1: legacy IDE quirk: reg 0x18: [io  0x0170-0x0177]
[    0.567865] pci 0000:00:01.1: legacy IDE quirk: reg 0x1c: [io  0x0376]
[    0.584954] pci 0000:00:07.0: quirk: [io  0x4000-0x403f] claimed by PIIX4 ACPI
[    0.602644] pci 0000:00:07.0: quirk: [io  0x4100-0x410f] claimed by PIIX4 SMB
[    0.611803] ACPI: PCI Interrupt Link [LNKA] (IRQs 5 9 10 *11)
[    0.614402] ACPI: PCI Interrupt Link [LNKB] (IRQs 5 9 *10 11)
[    0.616348] ACPI: PCI Interrupt Link [LNKC] (IRQs 5 *9 10 11)
[    0.618101] ACPI: PCI Interrupt Link [LNKD] (IRQs 5 9 10 *11)
[    0.619873] ACPI: Enabled 2 GPEs in block 00 to 07
[    0.621682] vgaarb: setting as boot device: PCI:0000:00:02.0
[    0.622756] vgaarb: device added: PCI:0000:00:02.0,decodes=io+mem,owns=io+mem,locks=none
[    0.624385] vgaarb: loaded
[    0.625057] vgaarb: bridge control possible 0000:00:02.0
[    0.626252] SCSI subsystem initialized
[    0.627186] ACPI: bus type USB registered
[    0.628049] usbcore: registered new interface driver usbfs
[    0.628970] usbcore: registered new interface driver hub
[    0.629938] usbcore: registered new device driver usb
[    0.631135] PCI: Using ACPI for IRQ routing
[    0.632221] NetLabel: Initializing
[    0.632885] NetLabel:  domain hash size = 128
[    0.633721] NetLabel:  protocols = UNLABELED CIPSOv4
[    0.634592] NetLabel:  unlabeled traffic allowed by default
[    0.635788] amd_nb: Cannot enumerate AMD northbridges
[    0.636735] clocksource: Switched to clocksource kvm-clock
[    0.649174] AppArmor: AppArmor Filesystem Enabled
[    0.650957] pnp: PnP ACPI init
[    0.654105] pnp: PnP ACPI: found 3 devices
[    0.673609] clocksource: acpi_pm: mask: 0xffffff max_cycles: 0xffffff, max_idle_ns: 2085701024 ns
[    0.676492] NET: Registered protocol family 2
[    0.677739] TCP established hash table entries: 8192 (order: 4, 65536 bytes)
[    0.679243] TCP bind hash table entries: 8192 (order: 5, 131072 bytes)
[    0.680518] TCP: Hash tables configured (established 8192 bind 8192)
[    0.681740] UDP hash table entries: 512 (order: 2, 16384 bytes)
[    0.682738] UDP-Lite hash table entries: 512 (order: 2, 16384 bytes)
[    0.683837] NET: Registered protocol family 1
[    0.684674] pci 0000:00:00.0: Limiting direct PCI/PCI transfers
[    0.685756] pci 0000:00:01.0: Activating ISA DMA hang workarounds
[    0.693288] Unpacking initramfs...
[    1.060516] Freeing initrd memory: 14888K
[    1.061486] clocksource: tsc: mask: 0xffffffffffffffff max_cycles: 0x1128ae0185e, max_idle_ns: 440795217955 ns
[    1.063376] platform rtc_cmos: registered platform RTC device (no PNP device found)
[    1.065008] Scanning for low memory corruption every 60 seconds
[    1.066459] audit: initializing netlink subsys (disabled)
[    1.067424] audit: type=2000 audit(1642078829.734:1): initialized
[    1.068794] Initialise system trusted keyring
[    1.070860] HugeTLB registered 2 MB page size, pre-allocated 0 pages
[    1.076640] zbud: loaded
[    1.077711] VFS: Disk quotas dquot_6.6.0
[    1.078514] VFS: Dquot-cache hash table entries: 512 (order 0, 4096 bytes)
[    1.079872] squashfs: version 4.0 (2009/01/31) Phillip Lougher
[    1.081556] fuse init (API version 7.23)
[    1.082617] Key type big_key registered
[    1.083397] Allocating IMA MOK and blacklist keyrings.
[    1.090435] Key type asymmetric registered
[    1.091461] Asymmetric key parser 'x509' registered
[    1.092505] Block layer SCSI generic (bsg) driver version 0.4 loaded (major 249)
[    1.094057] io scheduler noop registered
[    1.094835] io scheduler deadline registered (default)
[    1.095784] io scheduler cfq registered
[    1.096582] pci_hotplug: PCI Hot Plug PCI Core version: 0.5
[    1.097636] pciehp: PCI Express Hot Plug Controller Driver version: 0.4
[    1.098848] ACPI: AC Adapter [AC] (on-line)
[    1.099637] input: Power Button as /devices/LNXSYSTM:00/LNXPWRBN:00/input/input0
[    1.101020] ACPI: Power Button [PWRF]
[    1.101942] input: Sleep Button as /devices/LNXSYSTM:00/LNXSLPBN:00/input/input1
[    1.103810] ACPI: Sleep Button [SLPF]
[    1.106717] GHES: HEST is not enabled!
[    1.109347] Serial: 8250/16550 driver, 32 ports, IRQ sharing enabled
[    1.111846] ACPI: Battery Slot [BAT0] (battery present)
[    1.135741] 00:02: ttyS0 at I/O 0x3f8 (irq = 4, base_baud = 115200) is a 16550A
[    1.145375] Linux agpgart interface v0.103
[    1.147976] loop: module loaded
[    1.149390] scsi host0: ata_piix
[    1.150170] scsi host1: ata_piix
[    1.150848] ata1: PATA max UDMA/33 cmd 0x1f0 ctl 0x3f6 bmdma 0xd000 irq 14
[    1.151947] ata2: PATA max UDMA/33 cmd 0x170 ctl 0x376 bmdma 0xd008 irq 15
[    1.153375] libphy: Fixed MDIO Bus: probed
[    1.154952] tun: Universal TUN/TAP device driver, 1.6
[    1.156861] tun: (C) 1999-2004 Max Krasnyansky <maxk@qualcomm.com>
[    1.158373] PPP generic driver version 2.4.2
[    1.159596] ehci_hcd: USB 2.0 'Enhanced' Host Controller (EHCI) Driver
[    1.160725] ehci-pci: EHCI PCI platform driver
[    1.161759] ehci-platform: EHCI generic platform driver
[    1.162996] ohci_hcd: USB 1.1 'Open' Host Controller (OHCI) Driver
[    1.164351] ohci-pci: OHCI PCI platform driver
[    1.165474] ohci-platform: OHCI generic platform driver
[    1.166440] uhci_hcd: USB Universal Host Controller Interface driver
[    1.167557] i8042: PNP: PS/2 Controller [PNP0303:PS2K,PNP0f03:PS2M] at 0x60,0x64 irq 1,12
[    1.169531] serio: i8042 KBD port at 0x60,0x64 irq 1
[    1.171636] serio: i8042 AUX port at 0x60,0x64 irq 12
[    1.173962] mousedev: PS/2 mouse device common for all mice
[    1.175969] input: AT Translated Set 2 keyboard as /devices/platform/i8042/serio0/input/input2
[    1.177688] rtc_cmos rtc_cmos: rtc core: registered rtc_cmos as rtc0
[    1.178780] rtc_cmos rtc_cmos: alarms up to one day, 114 bytes nvram
[    1.179873] i2c /dev entries driver
[    1.180656] device-mapper: uevent: version 1.0.3
[    1.182024] device-mapper: ioctl: 4.34.0-ioctl (2015-10-28) initialised: dm-devel@redhat.com
[    1.183624] ledtrig-cpu: registered to indicate activity on CPUs
[    1.189062] NET: Registered protocol family 10
[    1.190757] NET: Registered protocol family 17
[    1.191708] Key type dns_resolver registered
[    1.192820] registered taskstats version 1
[    1.193668] Loading compiled-in X.509 certificates
[    1.195182] Loaded X.509 cert 'Build time autogenerated kernel key: cf00e047681d67edb2720680708b7d9498083038'
[    1.200449] zswap: loaded using pool lzo/zbud
[    1.206837] Key type trusted registered
[    1.213822] Key type encrypted registered
[    1.215291] AppArmor: AppArmor sha1 policy hashing enabled
[    1.217493] ima: No TPM chip found, activating TPM-bypass!
[    1.219462] ima: Allocated hash algorithm: sha1
[    1.222105] evm: HMAC attrs: 0x1
[    1.223845]   Magic number: 6:285:28
[    1.225066] rtc_cmos rtc_cmos: setting system clock to 2022-01-13 13:00:25 UTC (1642078825)
[    1.227154] BIOS EDD facility v0.16 2004-Jun-25, 0 devices found
[    1.229592] EDD information not available.
[    1.315592] Freeing unused kernel memory: 1492K
[    1.317004] Write protecting the kernel read-only data: 14336k
[    1.322156] Freeing unused kernel memory: 1584K
[    1.324692] Freeing unused kernel memory: 52K
Loading, please wait...
starting version 229
[    1.348093] random: systemd-udevd: uninitialized urandom read (16 bytes read, 3 bits of entropy available)
[    1.350924] random: systemd-udevd: uninitialized urandom read (16 bytes read, 3 bits of entropy available)
[    1.354550] random: systemd-udevd: uninitialized urandom read (16 bytes read, 3 bits of entropy available)
[    1.354878] random: udevadm: uninitialized urandom read (16 bytes read, 3 bits of entropy available)
[    1.354975] random: udevadm: uninitialized urandom read (16 bytes read, 3 bits of entropy available)
[    1.363352] random: systemd-udevd: uninitialized urandom read (16 bytes read, 3 bits of entropy available)
[    1.364683] random: udevadm: uninitialized urandom read (16 bytes read, 3 bits of entropy available)
[    1.364788] random: udevadm: uninitialized urandom read (16 bytes read, 3 bits of entropy available)
[    1.364914] random: udevadm: uninitialized urandom read (16 bytes read, 3 bits of entropy available)
[    1.364962] random: udevadm: uninitialized urandom read (16 bytes read, 3 bits of entropy available)
[    1.411272] e1000: Intel(R) PRO/1000 Network Driver - version 7.3.21-k8-NAPI
[    1.412642] e1000: Copyright (c) 1999-2006 Intel Corporation.
[    1.416021] Fusion MPT base driver 3.04.20
[    1.416804] Copyright (c) 1999-2008 LSI Corporation
[    1.424140] Fusion MPT SPI Host driver 3.04.20
[    1.459236] AVX2 version of gcm_enc/dec engaged.
[    1.460369] AES CTR mode by8 optimization enabled
[    1.648074] input: ImExPS/2 Generic Explorer Mouse as /devices/platform/i8042/serio1/input/input4
[    2.086543] e1000 0000:00:03.0 eth0: (PCI:33MHz:32-bit) 02:be:82:6b:cc:1d
[    2.089732] e1000 0000:00:03.0 eth0: Intel(R) PRO/1000 Network Connection
[    2.092455] mptbase: ioc0: Initiating bringup
[    2.093925] e1000 0000:00:03.0 enp0s3: renamed from eth0
[    2.596588] ioc0: LSI53C1030 A0: Capabilities={Initiator}
[    3.592507] scsi host2: ioc0: LSI53C1030 A0, FwRev=00000000h, Ports=1, MaxQ=256, IRQ=20
[    4.066504] scsi 2:0:0:0: Direct-Access     VBOX     HARDDISK         1.0  PQ: 0 ANSI: 5
[    4.071033] scsi target2:0:0: Beginning Domain Validation
[    4.075171] scsi target2:0:0: Domain Validation skipping write tests
[    4.076266] scsi target2:0:0: Ending Domain Validation
[    4.077802] scsi target2:0:0: asynchronous
[    4.079165] scsi 2:0:1:0: Direct-Access     VBOX     HARDDISK         1.0  PQ: 0 ANSI: 5
[    4.081150] scsi target2:0:1: Beginning Domain Validation
[    4.083220] scsi target2:0:1: Domain Validation skipping write tests
[    4.085204] scsi target2:0:1: Ending Domain Validation
[    4.087659] scsi target2:0:1: asynchronous
[    4.098267] sd 2:0:0:0: Attached scsi generic sg0 type 0
[    4.110513] sd 2:0:0:0: [sda] 83886080 512-byte logical blocks: (42.9 GB/40.0 GiB)
[    4.112899] sd 2:0:0:0: [sda] Write Protect is off
[    4.114097] sd 2:0:0:0: [sda] Incomplete mode parameter data
[    4.115167] sd 2:0:0:0: [sda] Assuming drive cache: write through
[    4.117123] sd 2:0:1:0: [sdb] 20480 512-byte logical blocks: (10.5 MB/10.0 MiB)
[    4.119494] sd 2:0:1:0: Attached scsi generic sg1 type 0
[    4.121881] sd 2:0:1:0: [sdb] Write Protect is off
[    4.124405] sd 2:0:1:0: [sdb] Incomplete mode parameter data
[    4.126458] sd 2:0:1:0: [sdb] Assuming drive cache: write through
[    4.131513]  sda: sda1
[    4.132961] sd 2:0:0:0: [sda] Attached SCSI disk
[    4.134505] sd 2:0:1:0: [sdb] Attached SCSI disk
Begin: Loading essential drivers ... [    5.584094] md: linear personality registered for level -1
[    5.587969] md: multipath personality registered for level -4
[    5.591205] md: raid0 personality registered for level 0
[    5.595487] md: raid1 personality registered for level 1
[    5.672793] raid6: sse2x1   gen()  6722 MB/s
[    5.740918] raid6: sse2x1   xor()  5783 MB/s
[    5.809201] raid6: sse2x2   gen() 15748 MB/s
[    5.877177] raid6: sse2x2   xor()  7833 MB/s
[    5.945429] raid6: sse2x4   gen() 17345 MB/s
[    6.013545] raid6: sse2x4   xor() 11084 MB/s
[    6.080801] raid6: avx2x1   gen() 21967 MB/s
[    6.148743] raid6: avx2x2   gen() 29588 MB/s
[    6.217046] raid6: avx2x4   gen() 30007 MB/s
[    6.218134] raid6: using algorithm avx2x4 gen() 30007 MB/s
[    6.220474] raid6: using avx2x2 recovery algorithm
[    6.223833] xor: automatically using best checksumming function:
[    6.261252]    avx       : 22473.000 MB/sec
[    6.264848] async_tx: api initialized (async)
[    6.277889] md: raid6 personality registered for level 6
[    6.278854] md: raid5 personality registered for level 5
[    6.279962] md: raid4 personality registered for level 4
[    6.287392] md: raid10 personality registered for level 10
done.
Begin: Running /scripts/init-premount ... done.
Begin: Mounting root file system ... Begin: Running /scripts/local-top ... done.
Begin: Running /scripts/local-premount ... [    6.317316] Btrfs loaded
Scanning for Btrfs filesystems
done.
Warning: fsck not present, so skipping root file system
[    6.354622] EXT4-fs (sda1): mounted filesystem with ordered data mode. Opts: (null)
done.
Begin: Running /scripts/local-bottom ... done.
Begin: Running /scripts/init-bottom ... done.
[    6.431722] systemd[1]: systemd 229 running in system mode. (+PAM +AUDIT +SELINUX +IMA +APPARMOR +SMACK +SYSVINIT +UTMP +LIBCRYPTSETUP +GCRYPT +GNUTLS +ACL +XZ -LZ4 +SECCOMP +BLKID +ELFUTILS +KMOD -IDN)
[    6.434697] systemd[1]: Detected virtualization oracle.
[    6.435617] systemd[1]: Detected architecture x86-64.

Welcome to [1mUbuntu 16.04.7 LTS[0m!

[    6.438408] systemd[1]: Set hostname to <ubuntu>.
[    6.440568] systemd[1]: Initializing machine ID from random generator.
[    6.441727] systemd[1]: Installed transient /etc/machine-id file.
[    6.547784] systemd[1]: Reached target Swap.
[[0;32m  OK  [0m] Reached target Swap.
[    6.549553] systemd[1]: Created slice System Slice.
[[0;32m  OK  [0m] Created slice System Slice.
[    6.551232] systemd[1]: Created slice system-serial\x2dgetty.slice.
[[0;32m  OK  [0m] Created slice system-serial\x2dgetty.slice.
[    6.553113] systemd[1]: Listening on Syslog Socket.
[[0;32m  OK  [0m] Listening on Syslog Socket.
[    6.554566] systemd[1]: Listening on /dev/initctl Compatibility Named Pipe.
[[0;32m  OK  [0m] Listening on /dev/initctl Compatibility Named Pipe.
[    6.557211] systemd[1]: Created slice User and Session Slice.
[[0;32m  OK  [0m] Created slice User and Session Slice.
[    6.559206] systemd[1]: Listening on udev Kernel Socket.
[[0;32m  OK  [0m] Listening on udev Kernel Socket.
[    6.560780] systemd[1]: Listening on LVM2 poll daemon socket.
[[0;32m  OK  [0m] Listening on LVM2 poll daemon socket.
[    6.562562] systemd[1]: Listening on fsck to fsckd communication Socket.
[[0;32m  OK  [0m] Listening on fsck to fsckd communication Socket.
[    6.564586] systemd[1]: Listening on Journal Audit Socket.
[[0;32m  OK  [0m] Listening on Journal Audit Socket.
[    6.573518] systemd[1]: Set up automount Arbitrary Executable File Formats File System Automount Point.
[[0;32m  OK  [0m] Set up automount Arbitrary Executab...ats File System Automount Point.
[    6.576173] systemd[1]: Reached target Encrypted Volumes.
[[0;32m  OK  [0m] Reached target Encrypted Volumes.
[    6.577711] systemd[1]: Listening on Journal Socket (/dev/log).
[[0;32m  OK  [0m] Listening on Journal Socket (/dev/log).
[    6.579410] systemd[1]: Reached target User and Group Name Lookups.
[[0;32m  OK  [0m] Reached target User and Group Name Lookups.
[    6.581368] systemd[1]: Listening on udev Control Socket.
[[0;32m  OK  [0m] Listening on udev Control Socket.
[    6.582997] systemd[1]: Started Trigger resolvconf update for networkd DNS.
[[0;32m  OK  [0m] Started Trigger resolvconf update for networkd DNS.
[    6.584912] systemd[1]: Listening on Device-mapper event daemon FIFOs.
[[0;32m  OK  [0m] Listening on Device-mapper event daemon FIFOs.
[    6.586785] systemd[1]: Listening on Journal Socket.
[[0;32m  OK  [0m] Listening on Journal Socket.
[    6.601478] systemd[1]: Starting Create list of required static device nodes for the current kernel...
         Starting Create list of required st... nodes for the current kernel...
[    6.604679] systemd[1]: Starting Nameserver information manager...
         Starting Nameserver information manager...
[    6.606950] systemd[1]: Starting Set console keymap...
         Starting Set console keymap...
[    6.609115] systemd[1]: Starting Uncomplicated firewall...
         Starting Uncomplicated firewall...
[    6.611443] systemd[1]: Starting File System Check on Root Device...
         Starting File System Check on Root Device...
[    6.614376] systemd[1]: Starting Load Kernel Modules...
         Starting Load Kernel Modules...
[    6.617699] systemd[1]: Mounting Huge Pages File System...
         Mounting Huge Pages File System...
[    6.620090] systemd[1]: Mounting POSIX Message Queue File System...
         Mounting POSIX Message Queue File System...
[    6.622275] systemd[1]: Starting Journal Service...
[    6.623544] Loading iSCSI transport class v2.0-870.
         Starting Journal Service...
[    6.625496] systemd[1]: Reached target System Time Synchronized.
[[0;32m  OK  [0m] Reached target System Time Synchronized.
[    6.628128] systemd[1]: Listening on LVM2 metadata daemon socket.
[[0;32m  OK  [0m] Listening on LVM2 metadata daemon socket.
[    6.630607] systemd[1]: Starting Monitoring of LVM2 mirrors, snapshots etc. using dmeventd or progress polling...
         Starting Monitoring of LVM2 mirrors... dmeventd or progress polling...
[    6.634292] systemd[1]: Reached target Slices.
[[0;32m  OK  [0m] Reached target Slices.
[    6.636043] systemd[1]: Started Forward Password Requests to Wall Directory Watch.
[[0;32m  OK  [0m] Started Forward Password Requests to Wall Directory Watch.
[    6.639696] systemd[1]: Mounting Debug File System...
         Mounting Debug File System...
[    6.642041] iscsi: registered transport (tcp)
[    6.643243] systemd[1]: Mounted Huge Pages File System.
[[0;32m  OK  [0m] Mounted Huge Pages File System.
[    6.645211] systemd[1]: Mounted POSIX Message Queue File System.
[[0;32m  OK  [0m] Mounted POSIX Message Queue File System.
[    6.647501] systemd[1]: Mounted Debug File System.
[[0;32m  OK  [0m] Mounted Debug File System.
[    6.649982] systemd[1]: Started Create list of required static device nodes for the current kernel.
[[0;32m  OK  [0m] Started Create list of required sta...ce nodes for the current kernel.
[    6.653964] systemd[1]: Started Uncomplicated firewall.
[[0;32m  OK  [0m] Started Uncomplicated firewall.
[    6.657204] systemd[1]: Started Nameserver information manager.
[[0;32m  OK  [0m] Started Nameserver information manager.
[    6.664879] systemd[1]: Started LVM2 metadata daemon.
[[0;32m  OK  [0m] Started LVM2 metadata daemon.
[    6.667686] systemd[1]: Started File System Check Daemon to report status.
[[0;32m  OK  [0m] Started File System Check Daemon to report status.
[    6.672018] systemd[1]: Starting Create Static Device Nodes in /dev...
         Starting Create Static Device Nodes in /dev...
[    6.676809] systemd[1]: Started File System Check on Root Device.
[[0;32m  OK  [0m] Started File System Check on Root Device.
[    6.680199] systemd[1]: Starting Remount Root and Kernel File Systems...
         Starting Remount Root and Kernel File Systems...
[    6.688004] EXT4-fs (sda1): re-mounted. Opts: (null)
[    6.695256] systemd[1]: Started Create Static Device Nodes in /dev.
[[0;32m  OK  [0m] Started Create Static Device Nodes in /dev.
[    6.698019] systemd[1]: Started Remount Root and Kernel File Systems.
[[0;32m  OK  [0m] Started Remount Root and Kernel File Systems.
[    6.701401] systemd[1]: Starting Load/Save Random Seed...
         Starting Load/Save Random Seed...
[    6.713951] systemd[1]: Starting udev Coldplug all Devices...
         Starting udev Coldplug all Devices...
[    6.718868] systemd[1]: Starting udev Kernel Device Manager...
         Starting udev Kernel Device Manager...
[    6.730636] systemd[1]: Started Journal Service.
[[0;32m  OK  [0m] Started Journal Service.
[[0;32m  OK  [0m] Started Set console keymap.
[[0;32m  OK  [0m] Started Load/Save Random Seed.
         Starting Flush Journal to Persistent Storage...
[    6.744517] iscsi: registered transport (iser)
[[0;32m  OK  [0m] Started Load Kernel Modules.
         Starting Apply Kernel Variables...
         Mounting FUSE Control File System...
[[0;32m  OK  [0m] Mounted FUSE Control File System.
[    6.756952] systemd-journald[388]: Received request to flush runtime journal from PID 1
[[0;32m  OK  [0m] Started Apply Kernel Variables.
[[0;32m  OK  [0m] Started Flush Journal to Persistent Storage.
[[0;32m  OK  [0m] Started udev Kernel Device Manager.
[[0;32m  OK  [0m] Started udev Coldplug all Devices.
[[0;32m  OK  [0m] Started Dispatch Password Requests to Console Directory Watch.
[[0;32m  OK  [0m] Found device /dev/ttyS0.
[[0;32m  OK  [0m] Listening on Load/Save RF Kill Switch Status /dev/rfkill Watch.
[[0;32m  OK  [0m] Started Monitoring of LVM2 mirrors,...ng dmeventd or progress polling.
[[0;32m  OK  [0m] Reached target Local File Systems (Pre).
[[0;32m  OK  [0m] Reached target Local File Systems.
         Starting Set console font and keymap...
         Starting Create Volatile Files and Directories...
         Starting Commit a transient machine-id on disk...
         Starting LSB: AppArmor initialization...
         Starting Tell Plymouth To Write Out Runtime Data...
         Starting Initial cloud-init job (pre-networking)...
[[0;32m  OK  [0m] Started Create Volatile Files and Directories.
[[0;32m  OK  [0m] Started Commit a transient machine-id on disk.
[[0;32m  OK  [0m] Started Tell Plymouth To Write Out Runtime Data.
         Starting Update UTMP about System Boot/Shutdown...
[[0;32m  OK  [0m] Started Update UTMP about System Boot/Shutdown.
[[0;32m  OK  [0m] Started Set console font and keymap.
[[0;32m  OK  [0m] Created slice system-getty.slice.
[[0;32m  OK  [0m] Started LSB: AppArmor initialization.
         Starting Load AppArmor profiles managed internally by snapd...
[[0;32m  OK  [0m] Started Load AppArmor profiles managed internally by snapd.
[    8.740080] cloud-init[647]: Cloud-init v. 21.1-19-gbad84ad4-0ubuntu1~16.04.2 running 'init-local' at Thu, 13 Jan 2022 13:00:32 +0000. Up 8.43 seconds.
[[0;32m  OK  [0m] Started Initial cloud-init job (pre-networking).
[[0;32m  OK  [0m] Reached target Network (Pre).
         Starting Raise network interfaces...
[[0;32m  OK  [0m] Started Raise network interfaces.
         Starting Initial cloud-init job (metadata service crawler)...
[[0;32m  OK  [0m] Reached target Network.
[    9.909791] cloud-init[939]: Cloud-init v. 21.1-19-gbad84ad4-0ubuntu1~16.04.2 running 'init' at Thu, 13 Jan 2022 13:00:33 +0000. Up 9.34 seconds.
[    9.911321] cloud-init[939]: ci-info: ++++++++++++++++++++++++++++++++++++++Net device info++++++++++++++++++++++++++++++++++++++
[    9.913033] cloud-init[939]: ci-info: +--------+------+----------------------------+---------------+--------+-------------------+
[    9.914646] cloud-init[939]: ci-info: | Device |  Up  |          Address           |      Mask     | Scope  |     Hw-Address    |
[    9.917398] cloud-init[939]: ci-info: +--------+------+----------------------------+---------------+--------+-------------------+
[    9.920877] cloud-init[939]: ci-info: | enp0s3 | True |         10.0.2.15          | 255.255.255.0 | global | 02:be:82:6b:cc:1d |
[    9.923417] cloud-init[939]: ci-info: | enp0s3 | True | fe80::be:82ff:fe6b:cc1d/64 |       .       |  link  | 02:be:82:6b:cc:1d |
[    9.927234] cloud-init[939]: ci-info: |   lo   | True |         127.0.0.1          |   255.0.0.0   |  host  |         .         |
[    9.931177] cloud-init[939]: ci-info: |   lo   | True |          ::1/128           |       .       |  host  |         .         |
[    9.935108] cloud-init[939]: ci-info: +--------+------+----------------------------+---------------+--------+-------------------+
[    9.938914] cloud-init[939]: ci-info: +++++++++++++++++++++++++++Route IPv4 info++++++++++++++++++++++++++++
[    9.942047] cloud-init[939]: ci-info: +-------+-------------+----------+---------------+-----------+-------+
[    9.945538] cloud-init[939]: ci-info: | Route | Destination | Gateway  |    Genmask    | Interface | Flags |
[    9.948871] cloud-init[939]: ci-info: +-------+-------------+----------+---------------+-----------+-------+
[    9.952300] cloud-init[939]: ci-info: |   0   |   0.0.0.0   | 10.0.2.2 |    0.0.0.0    |   enp0s3  |   UG  |
[    9.955607] cloud-init[939]: ci-info: |   1   |   10.0.2.0  | 0.0.0.0  | 255.255.255.0 |   enp0s3  |   U   |
[    9.958567] cloud-init[939]: ci-info: +-------+-------------+----------+---------------+-----------+-------+
[    9.960957] cloud-init[939]: ci-info: +++++++++++++++++++Route IPv6 info+++++++++++++++++++
[    9.968803] cloud-init[939]: ci-info: +-------+-------------+---------+-----------+-------+
[    9.970374] cloud-init[939]: ci-info: | Route | Destination | Gateway | Interface | Flags |
[    9.971744] cloud-init[939]: ci-info: +-------+-------------+---------+-----------+-------+
[    9.973020] cloud-init[939]: ci-info: |   0   |  fe80::/64  |    ::   |   enp0s3  |   U   |
[    9.980419] cloud-init[939]: ci-info: |   3   |   ff00::/8  |    ::   |   enp0s3  |   U   |
[    9.981784] cloud-init[939]: ci-info: +-------+-------------+---------+-----------+-------+
[    9.997471] cloud-init[939]: Generating public/private rsa key pair.
[   10.000116] cloud-init[939]: Your identification has been saved in /etc/ssh/ssh_host_rsa_key.
[   10.003567] cloud-init[939]: Your public key has been saved in /etc/ssh/ssh_host_rsa_key.pub.
[   10.007036] cloud-init[939]: The key fingerprint is:
[   10.009560] cloud-init[939]: SHA256:LZztIEwsHIFYeEg9oB7/K6zmA1musUKlWYX8HnT1OP8 root@ubuntu-xenial
[   10.013227] cloud-init[939]: The key's randomart image is:
[   10.021749] cloud-init[939]: +---[RSA 2048]----+
[   10.024167] cloud-init[939]: |.B=.+.  ..       |
[   10.026494] cloud-init[939]: |= o* = .  o      |
[   10.028934] cloud-init[939]: |.o  B +  o .     |
[   10.031396] cloud-init[939]: |. +o * . +o      |
[   10.033832] cloud-init[939]: | ==.. + S o.     |
[   10.036210] cloud-init[939]: |++. .. . +  .    |
[   10.038621] cloud-init[939]: |o+.  .    .  E   |
[   10.040750] cloud-init[939]: |+o o  .          |
[   10.052686] cloud-init[939]: |+oo ..           |
[   10.053675] cloud-init[939]: +----[SHA256]-----+
[   10.054787] cloud-init[939]: Generating public/private dsa key pair.
[[0;32m  OK  [0m] Started Initial cloud-init job (metadata service crawler).
[[0;32m  OK  [0m] Reached target Network is Online.
[   10.060496] cloud-init[939]: Your identification has been saved in /etc/ssh/ssh_host_dsa_key.
[   10.064509] cloud-init[939]: Your public key has been saved in /etc/ssh/ssh_host_dsa_key.pub.
[   10.066228] cloud-init[939]: The key fingerprint is:
[   10.067450] cloud-init[939]: SHA256:aQmYyXyILSyuFDWGSJJ3Ihjx/wX3cCjbI4IbU5nic2o root@ubuntu-xenial
[   10.070247] cloud-init[939]: The key's randomart image is:
[   10.072299] cloud-init[939]: +---[DSA 1024]----+
[   10.085139] cloud-init[939]: |B=.+             |
[   10.096358] cloud-init[939]: |*+==oB   .       |
[   10.097143] cloud-init[939]: |.+*o% = + .      |
[   10.097887] cloud-init[939]: |.o.* . B *       |
[   10.108982] cloud-init[939]: | o* + o S .      |
[   10.116814] cloud-init[939]: |o  B o + .       |
[   10.120079] cloud-init[939]: |. E   .          |
[   10.121049] cloud-init[939]: | .               |
[   10.121768] cloud-init[939]: |                 |
[   10.122568] cloud-init[939]: +----[SHA256]-----+
[   10.132381] cloud-init[939]: Generating public/private ecdsa key pair.
[   10.133395] cloud-init[939]: Your identification has been saved in /etc/ssh/ssh_host_ecdsa_key.
[   10.136706]          cloud-initStarting iSCSI initiator daemon (iscsid)...[939]: 
Your public key has been saved in /etc/ssh/ssh_host_ecdsa_key.pub.
[   10.139013] [[0;32m  OK  [0m] Reached target Cloud-config availability.
[[0;32m  OK  [0m] Reached target System Initialization.
[[0;32m  OK  [0m] Started Ubuntu Advantage update messaging.
[[0;32m  OK  [0m] Listening on D-Bus System Message Bus Socket.
         Starting Socket activation for snappy daemon.
cloud-init[939]:          Starting LXD - unix socket.
[[0;32m  OK  [0m] Listening on ACPID Listen Socket.
[[0;32m  OK  [0m] Started Message of the Day.
The key fingerprint is:
[[0;32m  OK  [0m] Started ACPI Events Check.
[[0;32m  OK  [0m] Reached target Paths.
[[0;32m  OK  [0m] Started Daily apt download activities.
[   10.147070] cloud-init[939]: SHA256:UKVl17PQoX4TYuuDXpFqxzHdXlqy2gDdBHuEo4s1Vi4 root@ubuntu-xenial
[[0;32m  OK  [0m] Started Daily apt upgrade and clean activities.
[[0;32m  OK  [0m] Started Daily Cleanup of Temporary Directories.
[[0;32m  OK  [0m[   10.153075] ] cloud-initReached target Timers.[939]: 
The key's randomart image is:
[[0;32m  OK  [0m] Listening on UUID daemon activation socket.
[   10.156584] cloud-init[939]: +---[ECDSA 256]---+
[   10.158231] cloud-init[939]: |        ..+ o+o. |
[   10.160034] cloud-init[939]: |       . + .==+  |
[   10.161495] cloud-init[939]: |      . .  +=o+o |
[   10.163107] cloud-init[939]: |       .  E+.O.o |
[   10.164554] cloud-init[939]: |        S+.+O * +|
[   10.165444] cloud-init[939]: |        . .* = B.|
[   10.166633] cloud-init[939]: |          + B o .|
[   10.167821] cloud-init[939]: |         o o =   |
[   10.169344] cloud-init[939]: |          . . .  |
[   10.170723] cloud-init[939]: +----[SHA256]-----+
[   10.171488] cloud-init[939]: Generating public/private ed25519 key pair.
[   10.181098] [cloud-init[0;32m  OK  [0m[939]: ] Your identification has been saved in /etc/ssh/ssh_host_ed25519_key.Listening on Socket activation for snappy daemon.

[[0;32m  OK  [0m] Listening on LXD - unix socket.
[   10.181984] cloud-init[939]: Your public key has been saved in /etc/ssh/ssh_host_ed25519_key.pub.
[[0;32m  OK  [0m] Started iSCSI initiator daemon (iscsid).
[   10.185503] cloud-init[939]: The key fingerprint is:
[   10.192761]          cloud-initStarting Login to default iSCSI targets...[939]: 
SHA256:gcAD4vJUvTFxAKXF10FHPNLJzmvIsN4E5bIR/350jx8 root@ubuntu-xenial
[   10.194850] [cloud-init[0;32m  OK  [0m[939]: ] The key's randomart image is:Reached target Sockets.

[   10.196136] [[0;32m  OK  [0m] Reached target Basic System.
cloud-init[939]: +--[ED25519 256]--+
[   10.198073] cloud-init[939]: |. .o+==o.oo*o.   |
[   10.200192] cloud-init[939]: |.. .o+=oo +.*    |
[   10.202038] cloud-init[939]: |... ...=.= + .   |
[   10.204015] cloud-init[939]: |.o    . =.o o    |
[   10.212209]          cloud-initStarting Virtualbox guest utils...[939]: 
|  .     SO o .   |
[   10.213265] cloud-init[939]: |        o + + . .|
[   10.214539] [[0;32m  OK  [0m] Started Regular background program processing daemon.
         Starting Pollinate to seed the pseudo random number generator...
         Starting LSB: MD monitoring daemon...
[[0;32m  OK  [0m] Started Deferred execution scheduler.
[[0;32m  OK  [0m] Started D-Bus System Message Bus.
cloud-init[939]: |       . o o . E.|
[   10.219794] cloud-init[939]: |        . . . o o|
[   10.222886] cloud-init[939]: |             . ..|
[   10.225813] cloud-init[939]: +----[SHA256]-----+
         Starting LXD - container startup/shutdown...
[[0;32m  OK  [0m] Started FUSE filesystem for LXC.
         Starting System Logging Service...
         Starting Accounts Service...
         Starting /etc/rc.local Compatibility...
         Starting Login Service...
         Starting LSB: Record successful boot for GRUB...
[[0;32m  OK  [0m] Started ACPI event daemon.
         Starting Snap Daemon...
[[0;32m  OK  [0m] Started /etc/rc.local Compatibility.
[[0;32m  OK  [0m] Started System Logging Service.
[[0;32m  OK  [0m] Started Login to default iSCSI targets.
[[0;32m  OK  [0m] Reached target Remote File Systems (Pre).
[[0;32m  OK  [0m] Reached target Remote File Systems.
         Starting LSB: daemon to balance interrupts for SMP systems...
         Starting Permit User Sessions...
         Starting LSB: Set the CPU Frequency Scaling governor to "ondemand"...
         Starting LSB: automatic crash report generation...
[[0;32m  OK  [0m] Started LSB: MD monitoring daemon.
[[0;32m  OK  [0m] Started LSB: Record successful boot for GRUB.
[[0;32m  OK  [0m] Started Permit User Sessions.
[[0;32m  OK  [0m] Started Login Service.
[[0;32m  OK  [0m] Started Unattended Upgrades Shutdown.
         Starting Terminate Plymouth Boot Screen...
         Starting Hold until boot process finishes up...
[[0;32m  OK  [0m] Started Terminate Plymouth Boot Screen.
[[0;32m  OK  [0m] Started Hold until boot process finishes up.
[[0;32m  OK  [0m] Started Serial Getty on ttyS0.
[[0;32m  OK  [0m] Started Getty on tty1.
[[0;32m  OK  [0m] Reached target Login Prompts.
         Starting Set console scheme...
         Starting Authenticate and Authorize Users to Run Privileged Tasks...
[[0;32m  OK  [0m] Started Set console scheme.
[[0;32m  OK  [0m] Started LSB: daemon to balance interrupts for SMP systems.
[[0;32m  OK  [0m] Started LSB: Set the CPU Frequency Scaling governor to "ondemand".
[[0;32m  OK  [0m] Started Authenticate and Authorize Users to Run Privileged Tasks.
[[0;32m  OK  [0m] Started Accounts Service.
[[0;32m  OK  [0m] Started LSB: automatic crash report generation.
[[0;32m  OK  [0m] Started Virtualbox guest utils.
[[0;32m  OK  [0m] Started LXD - container startup/shutdown.
[[0;32m  OK  [0m] Started Snap Daemon.
         Starting Wait until snapd is fully seeded...
[[0;32m  OK  [0m] Started Pollinate to seed the pseudo random number generator.
         Starting OpenBSD Secure Shell server...
[[0;32m  OK  [0m] Started OpenBSD Secure Shell server.
[[0;32m  OK  [0m] Created slice User Slice of vagrant.
         Starting User Manager for UID 1000...
[[0;32m  OK  [0m] Started Session 1 of user vagrant.
[[0;32m  OK  [0m] Started User Manager for UID 1000.
[[0;32m  OK  [0m] Started Wait until snapd is fully seeded.
         Starting Apply the settings specified in cloud-config...
[[0;32m  OK  [0m] Reached target Multi-User System.
[[0;32m  OK  [0m] Reached target Graphical Interface.
         Starting Update UTMP about System Runlevel Changes...
[[0;32m  OK  [0m] Started Update UTMP about System Runlevel Changes.
[   14.725029] cloud-init[1382]: Generating locales (this might take a while)...
[   15.999670] cloud-init[1382]:   en_US.UTF-8... done
[   16.000867] cloud-init[1382]: Generation complete.

Ubuntu 16.04.7 LTS ubuntu-xenial ttyS0

ubuntu-xenial login: [   16.492731] cloud-init[1382]: Cloud-init v. 21.1-19-gbad84ad4-0ubuntu1~16.04.2 running 'modules:config' at Thu, 13 Jan 2022 13:00:39 +0000. Up 14.52 seconds.
ci-info: no authorized SSH keys fingerprints found for user ubuntu.
<14>Jan 13 13:00:41 ec2: 
<14>Jan 13 13:00:41 ec2: #############################################################
<14>Jan 13 13:00:41 ec2: -----BEGIN SSH HOST KEY FINGERPRINTS-----
<14>Jan 13 13:00:41 ec2: 1024 SHA256:aQmYyXyILSyuFDWGSJJ3Ihjx/wX3cCjbI4IbU5nic2o root@ubuntu-xenial (DSA)
<14>Jan 13 13:00:41 ec2: 256 SHA256:UKVl17PQoX4TYuuDXpFqxzHdXlqy2gDdBHuEo4s1Vi4 root@ubuntu-xenial (ECDSA)
<14>Jan 13 13:00:41 ec2: 256 SHA256:gcAD4vJUvTFxAKXF10FHPNLJzmvIsN4E5bIR/350jx8 root@ubuntu-xenial (ED25519)
<14>Jan 13 13:00:41 ec2: 2048 SHA256:LZztIEwsHIFYeEg9oB7/K6zmA1musUKlWYX8HnT1OP8 root@ubuntu-xenial (RSA)
<14>Jan 13 13:00:41 ec2: -----END SSH HOST KEY FINGERPRINTS-----
<14>Jan 13 13:00:41 ec2: #############################################################
-----BEGIN SSH HOST KEY KEYS-----
ecdsa-sha2-nistp256 AAAAE2VjZHNhLXNoYTItbmlzdHAyNTYAAAAIbmlzdHAyNTYAAABBBNj+/rJGEGcaB5zfdzwp0CsejuZnxuKKecGp11dKKGY8B4OpSWsZcgxP31rSgq/vhJ8PkoNOOmQQcTXOO4sArBI= root@ubuntu-xenial
ssh-ed25519 AAAAC3NzaC1lZDI1NTE5AAAAIHv+Nkw/DGtcWle2mi+ZFxg4srNTm73yyjr1UeJNtUzg root@ubuntu-xenial
ssh-rsa AAAAB3NzaC1yc2EAAAADAQABAAABAQC+d3DmZkHgKG3SvD3hkOrKCuZvu6N8JcRy2NSOCEIsWJ6wgkCsIWaYtCPwzYMKB1e+NA1uI35/EXFbr121+8yfcRQdZ5DO8WTgP57sY897+CfRxYRfE1CHS9LwDM2uj2Hj8yyw3OVD7bVQ7F25lk1FWbEsfY8sHbOV3N81tuEIn9XHBZnLoMxtK15FwtVcxHj53O2glt1vGmp7lh9ub2KpQgu/pvKE5SpjLoSM9hF+JBRCp14epRUz90O5b5YtQhhT+V9T+8QS6mtw/3+GTfa3xuzkkdkAVl68rRSkHWxmNUirNclE8HColWWcUZtoODP3FEGyTEQm9gJPYDIOlqer root@ubuntu-xenial
-----END SSH HOST KEY KEYS-----
[   17.323970] cloud-init[1548]: Cloud-init v. 21.1-19-gbad84ad4-0ubuntu1~16.04.2 running 'modules:final' at Thu, 13 Jan 2022 13:00:41 +0000. Up 17.04 seconds.
[   17.326135] cloud-init[1548]: ci-info: no authorized SSH keys fingerprints found for user ubuntu.
[   17.332708] cloud-init[1548]: Cloud-init v. 21.1-19-gbad84ad4-0ubuntu1~16.04.2 finished at Thu, 13 Jan 2022 13:00:41 +0000. Datasource DataSourceNoCloud [seed=/dev/sdb][dsmode=net].  Up 17.31 seconds
